<?xml version="1.0" encoding="UTF-8"?>
<!-- Generated by org.testng.reporters.JUnitXMLReporter -->
<testsuite ignored="0" hostname="LTIN212124" failures="1" tests="1" name="Test" time="24.148" errors="0" timestamp="2021-05-12T12:38:39 IST">
  <testcase classname="BDD.com.packages.Validation" name="validateLogin" time="14.647">
    <failure type="java.lang.AssertionError" message="expected [true] but found [false]">
      <![CDATA[java.lang.AssertionError: expected [true] but found [false]
at BDD.com.packages.Validation.validateLogin(Validation.java:49)
at java.base/java.util.ArrayList.forEach(ArrayList.java:1511)
... Removed 31 stack frames]]>
    </failure>
  </testcase> <!-- validateLogin -->
</testsuite> <!-- Test -->
